<?xml version="1.0" encoding="UTF-8"?>
<!-- Generated by org.testng.reporters.JUnitXMLReporter -->
<testsuite ignored="0" hostname="LAPTOP-ER81FAOP" failures="0" tests="4" name="ChromeTest" time="16.596" errors="0" timestamp="2023-02-22T16:57:32 IST">
  <testcase classname="testNg.TestNgClass2" name="VerifyZeroCostInsuranceForm" time="3.452"/>
  <testcase classname="testNg.TestNgClass1" name="VerifyInvestmentPlanForm" time="4.579"/>
  <testcase classname="testNg.TestNgClass2" name="VerifyTermInsuranceForm" time="2.996"/>
  <testcase classname="testNg.TestNgClass1" name="VerifySaralJeevaninsuranceForm" time="2.868"/>
</testsuite> <!-- ChromeTest -->
