<?xml version="1.0" encoding="UTF-8"?>
<!-- Generated by org.testng.reporters.JUnitXMLReporter -->
<testsuite ignored="0" hostname="LAPTOP-ER81FAOP" failures="0" tests="4" name="EdgeTest" time="18.739" errors="0" timestamp="2023-02-22T16:57:51 IST">
  <testcase classname="testNg.TestNgClass2" name="VerifyZeroCostInsuranceForm" time="3.113"/>
  <testcase classname="testNg.TestNgClass1" name="VerifyInvestmentPlanForm" time="5.155"/>
  <testcase classname="testNg.TestNgClass2" name="VerifyTermInsuranceForm" time="2.957"/>
  <testcase classname="testNg.TestNgClass1" name="VerifySaralJeevaninsuranceForm" time="3.025"/>
</testsuite> <!-- EdgeTest -->
