<?xml version="1.0" encoding="UTF-8"?>
<!-- Generated by org.testng.reporters.JUnitXMLReporter -->
<testsuite ignored="0" hostname="LAPTOP-ER81FAOP" failures="0" tests="4" name="TestPolicy" time="46.597" errors="0" timestamp="2023-02-06T20:34:20 IST">
  <testcase classname="testNg.TestNgClass1" name="VerifyInvestmentPlanForm" time="7.858"/>
  <testcase classname="testNg.TestNgClass1" name="VerifySaralJeevaninsuranceForm" time="4.328"/>
  <testcase classname="testNg.TestNgClass2" name="VerifyZeroCostinsuranceForm" time="9.877"/>
  <testcase classname="testNg.TestNgClass2" name="VerifyTermInsuranceForm" time="3.822"/>
</testsuite> <!-- TestPolicy -->
