<?xml version="1.0" encoding="UTF-8"?>
<!-- Generated by org.testng.reporters.JUnitXMLReporter -->
<testsuite ignored="2" hostname="LAPTOP-ER81FAOP" failures="0" tests="2" name="ChromeTest(failed)" time="9.753" errors="0" timestamp="2023-02-14T01:06:01 IST">
  <testcase classname="testNg.TestNgClass2" name="VerifyTermInsuranceForm" time="3.514"/>
  <testcase classname="testNg.TestNgClass1" name="VerifySaralJeevaninsuranceForm" time="4.709"/>
  <testcase classname="testNg.TestNgClass2" name="VerifyZeroCostInsuranceForm" time="0.0">
    <ignored/>
  </testcase> <!-- VerifyZeroCostInsuranceForm -->
  <testcase classname="testNg.TestNgClass1" name="VerifyInvestmentPlanForm" time="0.0">
    <ignored/>
  </testcase> <!-- VerifyInvestmentPlanForm -->
</testsuite> <!-- ChromeTest(failed) -->
